Added Component: Designator=J?(AMPHENOL_51742-10400800AALF)
Add component (AddParameter): Name = "Availability"; Value = "In Stock"; VariantName = "[No Variations]"
Add component (AddParameter): Name = "Check_prices"; Value = "https://www.snapeda.com/parts/51742-10400800AALF/Amphenol+FCI/view-part/?ref=eda"; VariantName = "[No Variations]"
Add component (AddParameter): Name = "MF"; Value = "Amphenol ICC (FCI)"; VariantName = "[No Variations]"
Add component (AddParameter): Name = "MP"; Value = "51742-10400800AALF"; VariantName = "[No Variations]"
Add component (AddParameter): Name = "Package"; Value = "None"; VariantName = "[No Variations]"
Add component (AddParameter): Name = "Price"; Value = "None"; VariantName = "[No Variations]"
Add component (AddParameter): Name = "Purchase-URL"; Value = "https://pricing.snapeda.com/search?q=51742-10400800AALF&ref=eda"; VariantName = "[No Variations]"
Add component (AddParameter): Name = "SnapEDA_Link"; Value = "https://www.snapeda.com/parts/51742-10400800AALF/Amphenol+FCI/view-part/?ref=snap"; VariantName = "[No Variations]"
Add component (AddParameter): Name = "Value"; Value = ""; VariantName = "[No Variations]"
Added Component: Designator=J?(AMPHENOL_55917-001LF)
Add component (AddParameter): Name = "Availability"; Value = "Unavailable"; VariantName = "[No Variations]"
Add component (AddParameter): Name = "MF"; Value = ""; VariantName = "[No Variations]"
Add component (AddParameter): Name = "MP"; Value = "55917-001LF"; VariantName = "[No Variations]"
Add component (AddParameter): Name = "Package"; Value = "None"; VariantName = "[No Variations]"
Add component (AddParameter): Name = "Price"; Value = "None"; VariantName = "[No Variations]"
Add component (AddParameter): Name = "Value"; Value = ""; VariantName = "[No Variations]"
Added Component: Designator=J?(AMPHENOL_55917-001LF)
Add component (AddParameter): Name = "Availability"; Value = "Unavailable"; VariantName = "[No Variations]"
Add component (AddParameter): Name = "MF"; Value = ""; VariantName = "[No Variations]"
Add component (AddParameter): Name = "MP"; Value = "55917-001LF"; VariantName = "[No Variations]"
Add component (AddParameter): Name = "Package"; Value = "None"; VariantName = "[No Variations]"
Add component (AddParameter): Name = "Price"; Value = "None"; VariantName = "[No Variations]"
Add component (AddParameter): Name = "Value"; Value = ""; VariantName = "[No Variations]"
Added Component: Designator=J?(AMPHENOL_55917-001LF)
Add component (AddParameter): Name = "Availability"; Value = "Unavailable"; VariantName = "[No Variations]"
Add component (AddParameter): Name = "MF"; Value = ""; VariantName = "[No Variations]"
Add component (AddParameter): Name = "MP"; Value = "55917-001LF"; VariantName = "[No Variations]"
Add component (AddParameter): Name = "Package"; Value = "None"; VariantName = "[No Variations]"
Add component (AddParameter): Name = "Price"; Value = "None"; VariantName = "[No Variations]"
Add component (AddParameter): Name = "Value"; Value = ""; VariantName = "[No Variations]"
Added Component: Designator=J?(AMPHENOL_51742-10400800AALF)
Add component (AddParameter): Name = "Availability"; Value = "In Stock"; VariantName = "[No Variations]"
Add component (AddParameter): Name = "Check_prices"; Value = "https://www.snapeda.com/parts/51742-10400800AALF/Amphenol+FCI/view-part/?ref=eda"; VariantName = "[No Variations]"
Add component (AddParameter): Name = "MF"; Value = "Amphenol ICC (FCI)"; VariantName = "[No Variations]"
Add component (AddParameter): Name = "MP"; Value = "51742-10400800AALF"; VariantName = "[No Variations]"
Add component (AddParameter): Name = "Package"; Value = "None"; VariantName = "[No Variations]"
Add component (AddParameter): Name = "Price"; Value = "None"; VariantName = "[No Variations]"
Add component (AddParameter): Name = "Purchase-URL"; Value = "https://pricing.snapeda.com/search?q=51742-10400800AALF&ref=eda"; VariantName = "[No Variations]"
Add component (AddParameter): Name = "SnapEDA_Link"; Value = "https://www.snapeda.com/parts/51742-10400800AALF/Amphenol+FCI/view-part/?ref=snap"; VariantName = "[No Variations]"
Add component (AddParameter): Name = "Value"; Value = ""; VariantName = "[No Variations]"
Added Component: Designator=J?(AMPHENOL_55917-001LF)
Add component (AddParameter): Name = "Availability"; Value = "Unavailable"; VariantName = "[No Variations]"
Add component (AddParameter): Name = "MF"; Value = ""; VariantName = "[No Variations]"
Add component (AddParameter): Name = "MP"; Value = "55917-001LF"; VariantName = "[No Variations]"
Add component (AddParameter): Name = "Package"; Value = "None"; VariantName = "[No Variations]"
Add component (AddParameter): Name = "Price"; Value = "None"; VariantName = "[No Variations]"
Add component (AddParameter): Name = "Value"; Value = ""; VariantName = "[No Variations]"
Added Component: Designator=U?(21-0043D_20_MXM)
Add component (AddParameter): Name = "Copyright"; Value = "Copyright (C) 2023 Ultra Librarian. All rights reserved."; VariantName = "[No Variations]"
Add component (AddParameter): Name = "Manufacturer_Part_Number"; Value = "ADC0820CCN+"; VariantName = "[No Variations]"
Add component (AddParameter): Name = "Mfr_Name"; Value = "Analog Devices Inc"; VariantName = "[No Variations]"
Add component (AddParameter): Name = "RefDes"; Value = "RefDes"; VariantName = "[No Variations]"
Add component (AddParameter): Name = "Type"; Value = "DEV"; VariantName = "[No Variations]"
Added Component: Designator=U?(DW28)
Add component (AddParameter): Name = "Copyright"; Value = "Copyright (C) 2023 Ultra Librarian. All rights reserved."; VariantName = "[No Variations]"
Add component (AddParameter): Name = "Manufacturer_Part_Number"; Value = "ADS7824U/1K"; VariantName = "[No Variations]"
Add component (AddParameter): Name = "Mfr_Name"; Value = "Texas Instruments"; VariantName = "[No Variations]"
Add component (AddParameter): Name = "RefDes"; Value = "RefDes"; VariantName = "[No Variations]"
Add component (AddParameter): Name = "Type"; Value = "DEV"; VariantName = "[No Variations]"
Added Component: Designator=U?(21-0043D_20_MXM)
Add component (AddParameter): Name = "Copyright"; Value = "Copyright (C) 2023 Ultra Librarian. All rights reserved."; VariantName = "[No Variations]"
Add component (AddParameter): Name = "Manufacturer_Part_Number"; Value = "ADC0820CCN+"; VariantName = "[No Variations]"
Add component (AddParameter): Name = "Mfr_Name"; Value = "Analog Devices Inc"; VariantName = "[No Variations]"
Add component (AddParameter): Name = "RefDes"; Value = "RefDes"; VariantName = "[No Variations]"
Add component (AddParameter): Name = "Type"; Value = "DEV"; VariantName = "[No Variations]"
Added Component: Designator=U?(DW28)
Add component (AddParameter): Name = "Copyright"; Value = "Copyright (C) 2023 Ultra Librarian. All rights reserved."; VariantName = "[No Variations]"
Add component (AddParameter): Name = "Manufacturer_Part_Number"; Value = "ADS7824U/1K"; VariantName = "[No Variations]"
Add component (AddParameter): Name = "Mfr_Name"; Value = "Texas Instruments"; VariantName = "[No Variations]"
Add component (AddParameter): Name = "RefDes"; Value = "RefDes"; VariantName = "[No Variations]"
Add component (AddParameter): Name = "Type"; Value = "DEV"; VariantName = "[No Variations]"
Added Component: Designator=U?(DW28)
Add component (AddParameter): Name = "Copyright"; Value = "Copyright (C) 2023 Ultra Librarian. All rights reserved."; VariantName = "[No Variations]"
Add component (AddParameter): Name = "Manufacturer_Part_Number"; Value = "ADS7824U/1K"; VariantName = "[No Variations]"
Add component (AddParameter): Name = "Mfr_Name"; Value = "Texas Instruments"; VariantName = "[No Variations]"
Add component (AddParameter): Name = "RefDes"; Value = "RefDes"; VariantName = "[No Variations]"
Add component (AddParameter): Name = "Type"; Value = "DEV"; VariantName = "[No Variations]"
Added Component: Designator=U?(21-0043D_20_MXM)
Add component (AddParameter): Name = "Copyright"; Value = "Copyright (C) 2023 Ultra Librarian. All rights reserved."; VariantName = "[No Variations]"
Add component (AddParameter): Name = "Manufacturer_Part_Number"; Value = "ADC0820CCN+"; VariantName = "[No Variations]"
Add component (AddParameter): Name = "Mfr_Name"; Value = "Analog Devices Inc"; VariantName = "[No Variations]"
Add component (AddParameter): Name = "RefDes"; Value = "RefDes"; VariantName = "[No Variations]"
Add component (AddParameter): Name = "Type"; Value = "DEV"; VariantName = "[No Variations]"
Added Component: Designator=U?(21-0043D_20_MXM)
Add component (AddParameter): Name = "Copyright"; Value = "Copyright (C) 2023 Ultra Librarian. All rights reserved."; VariantName = "[No Variations]"
Add component (AddParameter): Name = "Manufacturer_Part_Number"; Value = "ADC0820CCN+"; VariantName = "[No Variations]"
Add component (AddParameter): Name = "Mfr_Name"; Value = "Analog Devices Inc"; VariantName = "[No Variations]"
Add component (AddParameter): Name = "RefDes"; Value = "RefDes"; VariantName = "[No Variations]"
Add component (AddParameter): Name = "Type"; Value = "DEV"; VariantName = "[No Variations]"
Added Pin To Net: NetName=GND Pin=J?-4
Added Pin To Net: NetName=GND Pin=J?-4
Added Pin To Net: NetName=GND Pin=J?-4
Added Pin To Net: NetName=GND Pin=J?-5
Added Pin To Net: NetName=GND Pin=J?-5
Added Pin To Net: NetName=GND Pin=J?-5
Added Pin To Net: NetName=GND Pin=J?-8
Added Pin To Net: NetName=GND Pin=J?-8
Added Pin To Net: NetName=GND Pin=J?-8
Added Pin To Net: NetName=GND Pin=J?-D2
Added Pin To Net: NetName=GND Pin=J?-D2
Added Pin To Net: NetName=GND Pin=J?-P3_2
Added Pin To Net: NetName=GND Pin=J?-SH1
Added Pin To Net: NetName=GND Pin=J?-SH2
Added Pin To Net: NetName=GND Pin=J?-SH3
Added Pin To Net: NetName=GND Pin=J?-SH4
Added Pin To Net: NetName=GND Pin=U?-1
Added Pin To Net: NetName=GND Pin=U?-1
Added Pin To Net: NetName=GND Pin=U?-2
Added Pin To Net: NetName=GND Pin=U?-3
Added Pin To Net: NetName=GND Pin=U?-3
Added Pin To Net: NetName=GND Pin=U?-4
Added Pin To Net: NetName=GND Pin=U?-4
Added Pin To Net: NetName=GND Pin=U?-8
Added Pin To Net: NetName=GND Pin=U?-8
Added Pin To Net: NetName=GND Pin=U?-10
Added Pin To Net: NetName=GND Pin=U?-10
Added Pin To Net: NetName=GND Pin=U?-10
Added Pin To Net: NetName=GND Pin=U?-14
Added Pin To Net: NetName=GND Pin=U?-14
Added Pin To Net: NetName=GND Pin=U?-14
Added Net: Name=GND
Added Pin To Net: NetName=NetJ?_1 Pin=J?-1
Added Pin To Net: NetName=NetJ?_1 Pin=J?-6
Added Pin To Net: NetName=NetJ?_1 Pin=J?-7
Added Pin To Net: NetName=NetJ?_1 Pin=U?-1
Added Net: Name=NetJ?_1
Add Net: Net with name "NetJ?_1" already exists
Add Net: Net with name "NetJ?_1" already exists
Add Net: Net with name "NetJ?_1" already exists
Added Pin To Net: NetName=NetJ?_4 Pin=J?-4
Added Pin To Net: NetName=NetJ?_4 Pin=J?-5
Added Pin To Net: NetName=NetJ?_4 Pin=J?-8
Added Pin To Net: NetName=NetJ?_4 Pin=U?-10
Added Net: Name=NetJ?_4
Added Pin To Net: NetName=NetJ?_A2 Pin=J?-A2
Added Pin To Net: NetName=NetJ?_A2 Pin=J?-B2
Added Pin To Net: NetName=NetJ?_A2 Pin=U?-10
Added Net: Name=NetJ?_A2
Add Net: Net with name "NetJ?_A2" already exists
Added Pin To Net: NetName=NetJ?_C2 Pin=J?-C2
Added Pin To Net: NetName=NetJ?_C2 Pin=U?-11
Added Pin To Net: NetName=NetJ?_C2 Pin=U?-12
Added Pin To Net: NetName=NetJ?_C2 Pin=U?-13
Added Net: Name=NetJ?_C2
Add Net: Net with name "NetJ?_C2" already exists
Added Pin To Net: NetName=NetJ?_P3_1 Pin=J?-P3_1
Added Pin To Net: NetName=NetJ?_P3_1 Pin=U?-5
Added Net: Name=NetJ?_P3_1
Add Net: Net with name "NetJ?_P3_1" already exists
Added Pin To Net: NetName=NetJ?_P3_2 Pin=J?-P3_2
Added Pin To Net: NetName=NetJ?_P3_2 Pin=U?-6
Added Net: Name=NetJ?_P3_2
Added Pin To Net: NetName=NetJ?_P3_3 Pin=J?-P3_3
Added Pin To Net: NetName=NetJ?_P3_3 Pin=J?-P3_5
Added Pin To Net: NetName=NetJ?_P3_3 Pin=U?-7
Added Pin To Net: NetName=NetJ?_P3_3 Pin=U?-9
Added Pin To Net: NetName=NetJ?_P3_3 Pin=U?-10
Added Pin To Net: NetName=NetJ?_P3_3 Pin=U?-11
Added Pin To Net: NetName=NetJ?_P3_3 Pin=U?-12
Added Net: Name=NetJ?_P3_3
Added Pin To Net: NetName=NetJ?_P3_4 Pin=J?-P3_4
Added Pin To Net: NetName=NetJ?_P3_4 Pin=U?-13
Added Net: Name=NetJ?_P3_4
Added Pin To Net: NetName=NetJ?_P3_7 Pin=J?-P3_7
Added Pin To Net: NetName=NetJ?_P3_7 Pin=U?-5
Added Net: Name=NetJ?_P3_7
Added Pin To Net: NetName=NetJ?_P3_8 Pin=J?-P3_8
Added Pin To Net: NetName=NetJ?_P3_8 Pin=U?-6
Added Net: Name=NetJ?_P3_8
Added Pin To Net: NetName=NetJ?_P4_1 Pin=J?-P4_1
Added Pin To Net: NetName=NetJ?_P4_1 Pin=J?-P4_6
Added Pin To Net: NetName=NetJ?_P4_1 Pin=J?-P4_7
Added Pin To Net: NetName=NetJ?_P4_1 Pin=U?-5
Added Pin To Net: NetName=NetJ?_P4_1 Pin=U?-6
Added Pin To Net: NetName=NetJ?_P4_1 Pin=U?-7
Added Net: Name=NetJ?_P4_1
Add Net: Net with name "NetJ?_P4_1" already exists
Added Pin To Net: NetName=NetJ?_P4_2 Pin=J?-P4_2
Added Pin To Net: NetName=NetJ?_P4_2 Pin=U?-9
Added Net: Name=NetJ?_P4_2
Added Pin To Net: NetName=NetJ?_P4_3 Pin=J?-P4_3
Added Pin To Net: NetName=NetJ?_P4_3 Pin=U?-10
Added Net: Name=NetJ?_P4_3
Added Pin To Net: NetName=NetJ?_P4_4 Pin=J?-P4_4
Added Pin To Net: NetName=NetJ?_P4_4 Pin=U?-11
Added Net: Name=NetJ?_P4_4
Added Pin To Net: NetName=NetJ?_P4_5 Pin=J?-P4_5
Added Pin To Net: NetName=NetJ?_P4_5 Pin=U?-12
Added Net: Name=NetJ?_P4_5
Added Pin To Net: NetName=NetJ?_P4_6 Pin=J?-P4_6
Added Pin To Net: NetName=NetJ?_P4_6 Pin=U?-13
Added Net: Name=NetJ?_P4_6
Added Class: Name=Sheet1
